[debug] [2022-05-28T15:00:26.676Z] ----------------------------------------------------------------------
[debug] [2022-05-28T15:00:26.678Z] Command:       C:\Program Files\nodejs\node.exe C:\Users\DCL\AppData\Roaming\npm\node_modules\firebase-tools\lib\bin\firebase.js deploy
[debug] [2022-05-28T15:00:26.678Z] CLI Version:   10.8.0
[debug] [2022-05-28T15:00:26.679Z] Platform:      win32
[debug] [2022-05-28T15:00:26.679Z] Node Version:  v16.13.2
[debug] [2022-05-28T15:00:26.680Z] Time:          Sat May 28 2022 21:00:26 GMT+0600 (Bangladesh Standard Time)
[debug] [2022-05-28T15:00:26.680Z] ----------------------------------------------------------------------
[debug] 
[debug] [2022-05-28T15:00:26.748Z] > command requires scopes: ["email","openid","https://www.googleapis.com/auth/cloudplatformprojects.readonly","https://www.googleapis.com/auth/firebase","https://www.googleapis.com/auth/cloud-platform"]
[debug] [2022-05-28T15:00:26.748Z] > authorizing via signed-in user (merazul35-2755@diu.edu.bd)
[debug] [2022-05-28T15:00:26.749Z] [iam] checking project toolsite-82cbd for permissions ["firebase.projects.get","firebasehosting.sites.update"]
[debug] [2022-05-28T15:00:26.751Z] >>> [apiv2][query] POST https://cloudresourcemanager.googleapis.com/v1/projects/toolsite-82cbd:testIamPermissions [none]
[debug] [2022-05-28T15:00:26.751Z] >>> [apiv2][body] POST https://cloudresourcemanager.googleapis.com/v1/projects/toolsite-82cbd:testIamPermissions {"permissions":["firebase.projects.get","firebasehosting.sites.update"]}
[debug] [2022-05-28T15:00:37.981Z] [iam] error while checking permissions, command may fail: FirebaseError: Failed to make request to https://cloudresourcemanager.googleapis.com/v1/projects/toolsite-82cbd:testIamPermissions
[debug] [2022-05-28T15:00:37.987Z] >>> [apiv2][query] GET https://firebase.googleapis.com/v1beta1/projects/toolsite-82cbd [none]
[debug] [2022-05-28T15:01:07.992Z] Timeout reached making request to https://firebase.googleapis.com/v1beta1/projects/toolsite-82cbd
[debug] [2022-05-28T15:01:19.217Z] FirebaseError: Timeout reached making request to https://firebase.googleapis.com/v1beta1/projects/toolsite-82cbd
    at RetryOperation._fn (C:\Users\DCL\AppData\Roaming\npm\node_modules\firebase-tools\lib\apiv2.js:236:35)
    at processTicksAndRejections (node:internal/process/task_queues:96:5)
[error] 
[error] Error: Failed to get Firebase project toolsite-82cbd. Please make sure the project exists and your account has permission to access it.
